[31/May/2018 07:47:58] "GET /kube/querypods/ HTTP/1.1" 200 17951
[31/May/2018 07:47:58] "GET /static/mainbody.css HTTP/1.1" 404 1653
[31/May/2018 07:47:58] "GET /static/mainbody.js HTTP/1.1" 404 1650
[31/May/2018 07:47:59] "GET /static/mainbody.js HTTP/1.1" 404 1650
[31/May/2018 08:56:41] "GET /kube/querypods/ HTTP/1.1" 200 18116
[31/May/2018 08:56:41] "GET /static/mainbody.css HTTP/1.1" 404 1653
[31/May/2018 08:56:42] "GET /static/mainbody.js HTTP/1.1" 404 1650
[31/May/2018 08:56:42] "GET /static/mainbody.js HTTP/1.1" 404 1650
[31/May/2018 08:56:50] "GET /kube/querypods/ HTTP/1.1" 200 18116
[31/May/2018 08:56:50] "GET /static/mainbody.css HTTP/1.1" 404 1653
[31/May/2018 08:56:50] "GET /static/mainbody.js HTTP/1.1" 404 1650
[31/May/2018 08:56:50] "GET /static/mainbody.js HTTP/1.1" 404 1650
[31/May/2018 09:10:12] "GET /kube/querypods/ HTTP/1.1" 200 18116
[31/May/2018 09:10:12] "GET /static/mainbody.css HTTP/1.1" 404 1653
[31/May/2018 09:10:12] "GET /static/mainbody.js HTTP/1.1" 404 1650
[31/May/2018 09:10:12] "GET /static/mainbody.js HTTP/1.1" 404 1650
[31/May/2018 09:10:14] "GET /kube/querypods/ HTTP/1.1" 200 18116
[31/May/2018 09:10:14] "GET /static/mainbody.css HTTP/1.1" 404 1653
[31/May/2018 09:10:14] "GET /static/mainbody.js HTTP/1.1" 404 1650
[31/May/2018 09:15:21] "GET /kube/querypods/ HTTP/1.1" 200 18169
[31/May/2018 09:15:21] "GET /static/mainbody.css HTTP/1.1" 404 1653
[31/May/2018 09:15:21] "GET /static/mainbody.js HTTP/1.1" 404 1650
[31/May/2018 09:15:21] "GET /static/kubeapp/query.js HTTP/1.1" 404 1665
[31/May/2018 09:15:21] "GET /static/kubeapp/query.js HTTP/1.1" 404 1665
[31/May/2018 09:15:23] "GET /kube/querypods/ HTTP/1.1" 200 18169
[31/May/2018 09:15:23] "GET /static/mainbody.css HTTP/1.1" 404 1653
[31/May/2018 09:15:23] "GET /static/mainbody.js HTTP/1.1" 404 1650
[31/May/2018 09:15:23] "GET /static/kubeapp/query.js HTTP/1.1" 404 1665
[31/May/2018 09:15:24] "GET /static/mainbody.js HTTP/1.1" 404 1650
[31/May/2018 09:15:24] "GET /static/kubeapp/query.js HTTP/1.1" 404 1665
Not Found: /favicon.ico
[31/May/2018 09:15:25] "GET /favicon.ico HTTP/1.1" 404 2176
[31/May/2018 09:17:08] "GET /static/mainbody.css HTTP/1.1" 404 1653
[31/May/2018 09:17:10] "GET /kube/querypods/ HTTP/1.1" 200 18169
[31/May/2018 09:17:10] "GET /static/mainbody.css HTTP/1.1" 404 1653
[31/May/2018 09:17:10] "GET /static/mainbody.js HTTP/1.1" 404 1650
[31/May/2018 09:17:10] "GET /static/kubeapp/query.js HTTP/1.1" 404 1665
[31/May/2018 09:17:10] "GET /static/kubeapp/query.js HTTP/1.1" 404 1665
[31/May/2018 09:18:17] "GET /static/kubeapp/query.js HTTP/1.1" 404 1665
Performing system checks...

System check identified no issues (0 silenced).
May 31, 2018 - 03:36:40
Django version 1.11.13, using settings 'yproject.settings'
Starting development server at http://0:8080/
Quit the server with CONTROL-C.
[31/May/2018 09:23:52] "GET /kube/querypods/ HTTP/1.1" 200 18169
[31/May/2018 09:23:52] "GET /static/mainbody.js HTTP/1.1" 404 1650
[31/May/2018 09:23:52] "GET /static/mainbody.css HTTP/1.1" 404 1653
[31/May/2018 09:23:52] "GET /static/kubeapp/query.js HTTP/1.1" 404 1665
[31/May/2018 09:23:52] "GET /static/mainbody.js HTTP/1.1" 404 1650
[31/May/2018 09:23:52] "GET /static/kubeapp/query.js HTTP/1.1" 404 1665
Performing system checks...

System check identified no issues (0 silenced).
May 31, 2018 - 09:23:32
Django version 1.11.13, using settings 'yproject.settings'
Starting development server at http://0:8080/
Quit the server with CONTROL-C.
Performing system checks...

System check identified no issues (0 silenced).
May 31, 2018 - 09:26:27
Django version 1.11.13, using settings 'yproject.settings'
Starting development server at http://0:8080/
Quit the server with CONTROL-C.
Performing system checks...

System check identified no issues (0 silenced).
May 31, 2018 - 09:28:02
Django version 1.11.13, using settings 'yproject.settings'
Starting development server at http://0:8080/
Quit the server with CONTROL-C.
[31/May/2018 09:29:00] "GET /kube/querypods/ HTTP/1.1" 200 18169
[31/May/2018 09:29:00] "GET /static/mainbody.css HTTP/1.1" 404 1653
[31/May/2018 09:29:00] "GET /static/mainbody.js HTTP/1.1" 404 1650
[31/May/2018 09:29:00] "GET /static/kubeapp/query.js HTTP/1.1" 404 1665
[31/May/2018 09:29:01] "GET /static/mainbody.js HTTP/1.1" 404 1650
[31/May/2018 09:29:01] "GET /static/kubeapp/query.js HTTP/1.1" 404 1665
[31/May/2018 09:30:07] "GET /admin/ HTTP/1.1" 200 2779
[31/May/2018 09:30:07] "GET /static/admin/css/base.css HTTP/1.1" 304 0
[31/May/2018 09:30:07] "GET /static/admin/css/dashboard.css HTTP/1.1" 200 412
[31/May/2018 09:30:07] "GET /static/admin/css/fonts.css HTTP/1.1" 304 0
[31/May/2018 09:30:07] "GET /static/admin/img/icon-changelink.svg HTTP/1.1" 200 380
[31/May/2018 09:30:07] "GET /static/admin/fonts/Roboto-Light-webfont.woff HTTP/1.1" 304 0
[31/May/2018 09:30:07] "GET /static/admin/fonts/Roboto-Bold-webfont.woff HTTP/1.1" 304 0
[31/May/2018 09:30:07] "GET /static/admin/img/icon-addlink.svg HTTP/1.1" 304 0
[31/May/2018 09:30:07] "GET /static/admin/fonts/Roboto-Regular-webfont.woff HTTP/1.1" 304 0
[31/May/2018 09:31:03] "GET /admin/ HTTP/1.1" 200 2779
[31/May/2018 09:31:05] "GET /admin/ HTTP/1.1" 200 2779
[31/May/2018 09:31:06] "GET /admin/ HTTP/1.1" 200 2779
[31/May/2018 09:31:09] "GET /admin/ HTTP/1.1" 200 2779
[31/May/2018 09:31:09] "GET /static/admin/css/dashboard.css HTTP/1.1" 200 412
[31/May/2018 09:31:09] "GET /static/admin/css/base.css HTTP/1.1" 200 16066
[31/May/2018 09:31:09] "GET /static/admin/css/fonts.css HTTP/1.1" 200 423
[31/May/2018 09:31:09] "GET /static/admin/img/icon-addlink.svg HTTP/1.1" 200 331
[31/May/2018 09:31:09] "GET /static/admin/img/icon-changelink.svg HTTP/1.1" 200 380
[31/May/2018 09:31:09] "GET /static/admin/fonts/Roboto-Regular-webfont.woff HTTP/1.1" 200 80304
[31/May/2018 09:31:09] "GET /static/admin/fonts/Roboto-Bold-webfont.woff HTTP/1.1" 200 82564
[31/May/2018 09:31:09] "GET /static/admin/fonts/Roboto-Light-webfont.woff HTTP/1.1" 200 81348
Performing system checks...

System check identified no issues (0 silenced).
May 31, 2018 - 09:28:31
Django version 1.11.13, using settings 'yproject.settings'
Starting development server at http://0:8080/
Quit the server with CONTROL-C.
[31/May/2018 09:37:41] "GET /static/kubeapp/query.js HTTP/1.1" 200 599
[31/May/2018 09:37:48] "GET /admin/ HTTP/1.1" 200 2779
[31/May/2018 09:37:50] "GET /admin/ HTTP/1.1" 200 2779
[31/May/2018 09:37:50] "GET /static/admin/css/base.css HTTP/1.1" 200 16066
[31/May/2018 09:37:50] "GET /static/admin/css/dashboard.css HTTP/1.1" 200 412
[31/May/2018 09:37:50] "GET /static/admin/css/fonts.css HTTP/1.1" 200 423
[31/May/2018 09:37:50] "GET /static/admin/img/icon-changelink.svg HTTP/1.1" 200 380
[31/May/2018 09:37:50] "GET /static/admin/img/icon-addlink.svg HTTP/1.1" 200 331
[31/May/2018 09:37:50] "GET /static/admin/fonts/Roboto-Bold-webfont.woff HTTP/1.1" 200 82564
[31/May/2018 09:37:50] "GET /static/admin/fonts/Roboto-Light-webfont.woff HTTP/1.1" 200 81348
[31/May/2018 09:37:50] "GET /static/admin/fonts/Roboto-Regular-webfont.woff HTTP/1.1" 200 80304
[31/May/2018 09:38:16] "GET /kube/querypods/ HTTP/1.1" 200 18169
[31/May/2018 09:38:16] "GET /static/mainbody.css HTTP/1.1" 404 1653
[31/May/2018 09:38:16] "GET /static/mainbody.js HTTP/1.1" 404 1650
[31/May/2018 09:41:26] "GET /kube/querypods/ HTTP/1.1" 200 18169
[31/May/2018 09:41:26] "GET /static/mainbody.css HTTP/1.1" 404 1653
[31/May/2018 09:41:26] "GET /static/mainbody.js HTTP/1.1" 404 1650
[31/May/2018 09:41:26] "GET /static/kubeapp/query.js HTTP/1.1" 200 600
[31/May/2018 09:41:27] "GET /static/mainbody.js HTTP/1.1" 404 1650
Performing system checks...

System check identified no issues (0 silenced).
May 31, 2018 - 09:37:36
Django version 1.11.13, using settings 'yproject.settings'
Starting development server at http://0:8080/
Quit the server with CONTROL-C.
Unhandled exception in thread started by <function wrapper at 0x1e550c8>
Performing system checks...

Traceback (most recent call last):
  File "/usr/lib64/python2.7/site-packages/django/utils/autoreload.py", line 228, in wrapper
    fn(*args, **kwargs)
  File "/usr/lib64/python2.7/site-packages/django/core/management/commands/runserver.py", line 124, in inner_run
    self.check(display_num_errors=True)
  File "/usr/lib64/python2.7/site-packages/django/core/management/base.py", line 359, in check
    include_deployment_checks=include_deployment_checks,
  File "/usr/lib64/python2.7/site-packages/django/core/management/base.py", line 346, in _run_checks
    return checks.run_checks(**kwargs)
  File "/usr/lib64/python2.7/site-packages/django/core/checks/registry.py", line 81, in run_checks
    new_errors = check(app_configs=app_configs)
  File "/usr/lib64/python2.7/site-packages/django/core/checks/urls.py", line 16, in check_url_config
    return check_resolver(resolver)
  File "/usr/lib64/python2.7/site-packages/django/core/checks/urls.py", line 26, in check_resolver
    return check_method()
  File "/usr/lib64/python2.7/site-packages/django/urls/resolvers.py", line 254, in check
    for pattern in self.url_patterns:
  File "/usr/lib64/python2.7/site-packages/django/utils/functional.py", line 35, in __get__
    res = instance.__dict__[self.name] = self.func(instance)
  File "/usr/lib64/python2.7/site-packages/django/urls/resolvers.py", line 405, in url_patterns
    patterns = getattr(self.urlconf_module, "urlpatterns", self.urlconf_module)
  File "/usr/lib64/python2.7/site-packages/django/utils/functional.py", line 35, in __get__
    res = instance.__dict__[self.name] = self.func(instance)
  File "/usr/lib64/python2.7/site-packages/django/urls/resolvers.py", line 398, in urlconf_module
    return import_module(self.urlconf_name)
  File "/usr/lib64/python2.7/importlib/__init__.py", line 37, in import_module
    __import__(name)
  File "/opt/oracle/yproject/yproject/urls.py", line 24, in <module>
    url(r'^kube/', include('kubeapp.urls')),
  File "/usr/lib64/python2.7/site-packages/django/conf/urls/__init__.py", line 50, in include
    urlconf_module = import_module(urlconf_module)
  File "/usr/lib64/python2.7/importlib/__init__.py", line 37, in import_module
    __import__(name)
  File "/opt/oracle/yproject/kubeapp/urls.py", line 19, in <module>
    from kubeapp.views import index,QueryPods
  File "/opt/oracle/yproject/kubeapp/views/__init__.py", line 6, in <module>
    from .query_pods import QueryPods
  File "/opt/oracle/yproject/kubeapp/views/query_pods.py", line 30
    def post(self, request)
                          ^
SyntaxError: invalid syntax
Unhandled exception in thread started by <function wrapper at 0x28cf0c8>
Performing system checks...

Traceback (most recent call last):
  File "/usr/lib64/python2.7/site-packages/django/utils/autoreload.py", line 228, in wrapper
    fn(*args, **kwargs)
  File "/usr/lib64/python2.7/site-packages/django/core/management/commands/runserver.py", line 124, in inner_run
    self.check(display_num_errors=True)
  File "/usr/lib64/python2.7/site-packages/django/core/management/base.py", line 359, in check
    include_deployment_checks=include_deployment_checks,
  File "/usr/lib64/python2.7/site-packages/django/core/management/base.py", line 346, in _run_checks
    return checks.run_checks(**kwargs)
  File "/usr/lib64/python2.7/site-packages/django/core/checks/registry.py", line 81, in run_checks
    new_errors = check(app_configs=app_configs)
  File "/usr/lib64/python2.7/site-packages/django/core/checks/urls.py", line 16, in check_url_config
    return check_resolver(resolver)
  File "/usr/lib64/python2.7/site-packages/django/core/checks/urls.py", line 26, in check_resolver
    return check_method()
  File "/usr/lib64/python2.7/site-packages/django/urls/resolvers.py", line 254, in check
    for pattern in self.url_patterns:
  File "/usr/lib64/python2.7/site-packages/django/utils/functional.py", line 35, in __get__
    res = instance.__dict__[self.name] = self.func(instance)
  File "/usr/lib64/python2.7/site-packages/django/urls/resolvers.py", line 405, in url_patterns
    patterns = getattr(self.urlconf_module, "urlpatterns", self.urlconf_module)
  File "/usr/lib64/python2.7/site-packages/django/utils/functional.py", line 35, in __get__
    res = instance.__dict__[self.name] = self.func(instance)
  File "/usr/lib64/python2.7/site-packages/django/urls/resolvers.py", line 398, in urlconf_module
    return import_module(self.urlconf_name)
  File "/usr/lib64/python2.7/importlib/__init__.py", line 37, in import_module
    __import__(name)
  File "/opt/oracle/yproject/yproject/urls.py", line 24, in <module>
    url(r'^kube/', include('kubeapp.urls')),
  File "/usr/lib64/python2.7/site-packages/django/conf/urls/__init__.py", line 50, in include
    urlconf_module = import_module(urlconf_module)
  File "/usr/lib64/python2.7/importlib/__init__.py", line 37, in import_module
    __import__(name)
  File "/opt/oracle/yproject/kubeapp/urls.py", line 19, in <module>
    from kubeapp.views import index,QueryPods
  File "/opt/oracle/yproject/kubeapp/views/__init__.py", line 6, in <module>
    from .query_pods import QueryPods
  File "/opt/oracle/yproject/kubeapp/views/query_pods.py", line 30
    def post(self, request)
                          ^
SyntaxError: invalid syntax
[31/May/2018 10:02:49] "GET /kube/querypods/ HTTP/1.1" 200 18169
[31/May/2018 10:02:49] "GET /static/mainbody.css HTTP/1.1" 404 1653
[31/May/2018 10:02:49] "GET /static/mainbody.js HTTP/1.1" 404 1650
[31/May/2018 10:02:49] "GET /static/kubeapp/query.js HTTP/1.1" 200 622
[31/May/2018 10:02:50] "GET /static/mainbody.js HTTP/1.1" 404 1650
[31/May/2018 10:08:02] "GET /kube/querypods/ HTTP/1.1" 200 18169
[31/May/2018 10:08:02] "GET /static/mainbody.css HTTP/1.1" 404 1653
[31/May/2018 10:08:02] "GET /static/mainbody.js HTTP/1.1" 404 1650
[31/May/2018 10:08:02] "GET /static/kubeapp/query.js HTTP/1.1" 200 623
[31/May/2018 10:10:30] "GET /kube/querypods/ HTTP/1.1" 200 18169
[31/May/2018 10:10:30] "GET /static/mainbody.css HTTP/1.1" 404 1653
[31/May/2018 10:10:30] "GET /static/mainbody.js HTTP/1.1" 404 1650
[31/May/2018 10:10:30] "GET /static/kubeapp/query.js HTTP/1.1" 200 630
Forbidden (CSRF token missing or incorrect.): /kube/querypods/
[31/May/2018 10:10:31] "POST /kube/querypods/ HTTP/1.1" 403 2502
Performing system checks...

System check identified no issues (0 silenced).
May 31, 2018 - 10:02:33
Django version 1.11.13, using settings 'yproject.settings'
Starting development server at http://0:8080/
Quit the server with CONTROL-C.
[31/May/2018 10:13:20] "GET /kube/querypods/ HTTP/1.1" 200 18169
[31/May/2018 10:13:20] "GET /static/mainbody.css HTTP/1.1" 404 1653
[31/May/2018 10:13:21] "GET /static/mainbody.js HTTP/1.1" 404 1650
[31/May/2018 10:13:21] "GET /static/kubeapp/query.js HTTP/1.1" 304 0
[31/May/2018 10:13:21] "GET /static/mainbody.js HTTP/1.1" 404 1650
[31/May/2018 10:13:21] "POST /kube/querypods/ HTTP/1.1" 200 4814
[31/May/2018 10:14:15] "GET /kube/querypods/ HTTP/1.1" 200 18169
[31/May/2018 10:14:15] "GET /static/mainbody.css HTTP/1.1" 404 1653
[31/May/2018 10:14:15] "GET /static/mainbody.js HTTP/1.1" 404 1650
[31/May/2018 10:14:15] "GET /static/kubeapp/query.js HTTP/1.1" 200 635
[31/May/2018 10:14:15] "POST /kube/querypods/ HTTP/1.1" 200 4814
[31/May/2018 10:14:58] "GET /kube/querypods/ HTTP/1.1" 200 18169
[31/May/2018 10:14:59] "GET /static/mainbody.css HTTP/1.1" 404 1653
[31/May/2018 10:14:59] "GET /static/mainbody.js HTTP/1.1" 404 1650
[31/May/2018 10:14:59] "GET /static/kubeapp/query.js HTTP/1.1" 304 0
[31/May/2018 10:14:59] "POST /kube/querypods/ HTTP/1.1" 200 4814
[31/May/2018 10:15:57] "GET /kube/querypods/ HTTP/1.1" 200 18169
[31/May/2018 10:15:57] "GET /static/mainbody.css HTTP/1.1" 404 1653
[31/May/2018 10:15:57] "GET /static/mainbody.js HTTP/1.1" 404 1650
[31/May/2018 10:15:57] "GET /static/kubeapp/query.js HTTP/1.1" 200 642
[31/May/2018 10:15:58] "POST /kube/querypods/ HTTP/1.1" 200 4814
[31/May/2018 10:44:44] "GET /kube/querypods/ HTTP/1.1" 200 18169
[31/May/2018 10:44:44] "GET /static/mainbody.css HTTP/1.1" 404 1653
[31/May/2018 10:44:44] "GET /static/mainbody.js HTTP/1.1" 404 1650
[31/May/2018 10:44:44] "GET /static/kubeapp/query.js HTTP/1.1" 200 642
[31/May/2018 10:44:45] "GET /static/mainbody.js HTTP/1.1" 404 1650
[31/May/2018 10:44:45] "POST /kube/querypods/ HTTP/1.1" 200 4814
[31/May/2018 10:50:31] "GET /kube/querypods/ HTTP/1.1" 200 18169
[31/May/2018 10:50:31] "GET /static/mainbody.css HTTP/1.1" 404 1653
[31/May/2018 10:50:31] "GET /static/mainbody.js HTTP/1.1" 404 1650
[31/May/2018 10:50:31] "GET /static/kubeapp/query.js HTTP/1.1" 200 651
[31/May/2018 10:50:32] "POST /kube/querypods/ HTTP/1.1" 200 4814
[31/May/2018 10:51:27] "GET /kube/querypods/ HTTP/1.1" 200 18169
[31/May/2018 10:51:27] "GET /static/mainbody.css HTTP/1.1" 404 1653
[31/May/2018 10:51:27] "GET /static/mainbody.js HTTP/1.1" 404 1650
[31/May/2018 10:51:27] "GET /static/kubeapp/query.js HTTP/1.1" 200 653
[31/May/2018 10:51:28] "POST /kube/querypods/ HTTP/1.1" 200 4814
[31/May/2018 10:53:44] "GET /kube/querypods/ HTTP/1.1" 200 18189
[31/May/2018 10:53:44] "GET /static/mainbody.css HTTP/1.1" 404 1653
[31/May/2018 10:53:44] "GET /static/mainbody.js HTTP/1.1" 404 1650
[31/May/2018 10:53:44] "GET /static/kubeapp/query.js HTTP/1.1" 304 0
[31/May/2018 10:53:44] "POST /kube/querypods/ HTTP/1.1" 200 4814
[31/May/2018 10:54:41] "GET /kube/querypods/ HTTP/1.1" 200 18178
[31/May/2018 10:54:41] "GET /static/mainbody.css HTTP/1.1" 404 1653
[31/May/2018 10:54:41] "GET /static/mainbody.js HTTP/1.1" 404 1650
[31/May/2018 10:54:41] "GET /static/kubeapp/query.js HTTP/1.1" 304 0
[31/May/2018 10:54:42] "POST /kube/querypods/ HTTP/1.1" 200 4814
[31/May/2018 10:56:00] "GET /kube/querypods/ HTTP/1.1" 200 18178
[31/May/2018 10:56:00] "GET /static/mainbody.css HTTP/1.1" 404 1653
[31/May/2018 10:56:00] "GET /static/mainbody.js HTTP/1.1" 404 1650
[31/May/2018 10:56:00] "GET /static/kubeapp/query.js HTTP/1.1" 200 653
[31/May/2018 10:56:00] "GET /static/mainbody.js HTTP/1.1" 404 1650
[31/May/2018 10:56:01] "POST /kube/querypods/ HTTP/1.1" 200 4814
[01/Jun/2018 00:42:05] "GET /kube/querypods/ HTTP/1.1" 200 18178
[01/Jun/2018 00:42:25] "POST /kube/querypods/ HTTP/1.1" 200 4814
[01/Jun/2018 00:42:28] "GET /kube/querypods/ HTTP/1.1" 200 18178
[01/Jun/2018 00:42:28] "GET /static/mainbody.css HTTP/1.1" 404 1653
[01/Jun/2018 00:42:28] "GET /static/kubeapp/query.js HTTP/1.1" 304 0
[01/Jun/2018 00:42:28] "GET /static/mainbody.js HTTP/1.1" 404 1650
[01/Jun/2018 00:42:29] "GET /static/mainbody.js HTTP/1.1" 404 1650
[01/Jun/2018 00:42:29] "POST /kube/querypods/ HTTP/1.1" 200 4814
[01/Jun/2018 00:42:34] "GET /static/mainbody.css HTTP/1.1" 404 1653
[01/Jun/2018 00:43:06] "GET /kube/querypods/ HTTP/1.1" 200 18178
[01/Jun/2018 00:43:06] "GET /static/mainbody.js HTTP/1.1" 404 1650
[01/Jun/2018 00:43:06] "GET /static/mainbody.css HTTP/1.1" 404 1653
[01/Jun/2018 00:43:06] "GET /static/mainbody.js HTTP/1.1" 404 1650
[01/Jun/2018 00:43:07] "POST /kube/querypods/ HTTP/1.1" 200 4814
[01/Jun/2018 01:13:23] "GET /kube/querypods/ HTTP/1.1" 200 18178
[01/Jun/2018 01:13:24] "POST /kube/querypods/ HTTP/1.1" 200 4814
[01/Jun/2018 01:15:04] "GET /kube/querypods/ HTTP/1.1" 200 18178
[01/Jun/2018 01:15:04] "GET /static/mainbody.css HTTP/1.1" 404 1653
[01/Jun/2018 01:15:04] "GET /static/mainbody.js HTTP/1.1" 404 1650
[01/Jun/2018 01:15:04] "GET /static/mainbody.js HTTP/1.1" 404 1650
[01/Jun/2018 01:15:05] "POST /kube/querypods/ HTTP/1.1" 200 4814
[01/Jun/2018 01:15:38] "GET /kube/querypods/ HTTP/1.1" 200 18178
[01/Jun/2018 01:15:38] "GET /static/mainbody.css HTTP/1.1" 404 1653
[01/Jun/2018 01:15:38] "GET /static/mainbody.js HTTP/1.1" 404 1650
[01/Jun/2018 01:15:38] "GET /static/kubeapp/query.js HTTP/1.1" 200 651
[01/Jun/2018 01:15:39] "GET /static/mainbody.js HTTP/1.1" 404 1650
[01/Jun/2018 01:15:39] "POST /kube/querypods/ HTTP/1.1" 200 4814
[01/Jun/2018 01:20:42] "GET /kube/querypods/ HTTP/1.1" 200 18178
[01/Jun/2018 01:20:42] "GET /static/mainbody.css HTTP/1.1" 404 1653
[01/Jun/2018 01:20:42] "GET /static/mainbody.js HTTP/1.1" 404 1650
[01/Jun/2018 01:20:42] "GET /static/kubeapp/query.js HTTP/1.1" 200 813
[01/Jun/2018 01:20:43] "GET /static/mainbody.js HTTP/1.1" 404 1650
[01/Jun/2018 01:21:21] "GET /kube/querypods/ HTTP/1.1" 200 18178
[01/Jun/2018 01:21:21] "GET /static/mainbody.css HTTP/1.1" 404 1653
[01/Jun/2018 01:21:21] "GET /static/mainbody.js HTTP/1.1" 404 1650
[01/Jun/2018 01:21:21] "GET /static/kubeapp/query.js HTTP/1.1" 200 807
[01/Jun/2018 01:21:22] "GET /static/mainbody.js HTTP/1.1" 404 1650
[01/Jun/2018 01:21:22] "POST /kube/querypods/ HTTP/1.1" 200 4814
[01/Jun/2018 01:23:40] "GET /kube/querypods/ HTTP/1.1" 200 18209
[01/Jun/2018 01:23:40] "GET /static/mainbody.css HTTP/1.1" 404 1653
[01/Jun/2018 01:23:40] "GET /static/mainbody.js HTTP/1.1" 404 1650
[01/Jun/2018 01:23:40] "GET /static/kubeapp/query.js HTTP/1.1" 200 807
[01/Jun/2018 01:23:41] "GET /static/mainbody.js HTTP/1.1" 404 1650
[01/Jun/2018 01:23:41] "POST /kube/querypods/ HTTP/1.1" 200 4814
[01/Jun/2018 01:26:12] "GET /kube/querypods/ HTTP/1.1" 200 18335
[01/Jun/2018 01:26:12] "GET /static/mainbody.css HTTP/1.1" 404 1653
[01/Jun/2018 01:26:12] "GET /static/mainbody.js HTTP/1.1" 404 1650
[01/Jun/2018 01:26:12] "GET /static/kubeapp/query.js HTTP/1.1" 200 807
[01/Jun/2018 01:26:13] "GET /static/mainbody.js HTTP/1.1" 404 1650
[01/Jun/2018 01:26:13] "POST /kube/querypods/ HTTP/1.1" 200 4814
[01/Jun/2018 01:27:09] "GET /kube/querypods/ HTTP/1.1" 200 18335
[01/Jun/2018 01:27:09] "GET /static/mainbody.css HTTP/1.1" 404 1653
[01/Jun/2018 01:27:09] "GET /static/kubeapp/query.js HTTP/1.1" 200 651
[01/Jun/2018 01:27:09] "GET /static/mainbody.js HTTP/1.1" 404 1650
[01/Jun/2018 01:27:09] "GET /static/mainbody.js HTTP/1.1" 404 1650
[01/Jun/2018 01:27:10] "POST /kube/querypods/ HTTP/1.1" 200 4814
[01/Jun/2018 01:27:59] "GET /kube/querypods/ HTTP/1.1" 200 18335
[01/Jun/2018 01:28:00] "GET /static/mainbody.css HTTP/1.1" 404 1653
[01/Jun/2018 01:28:00] "GET /static/mainbody.js HTTP/1.1" 404 1650
[01/Jun/2018 01:28:00] "GET /static/kubeapp/query.js HTTP/1.1" 200 653
[01/Jun/2018 01:28:00] "GET /static/mainbody.js HTTP/1.1" 404 1650
[01/Jun/2018 01:28:01] "POST /kube/querypods/ HTTP/1.1" 200 4814
[01/Jun/2018 01:30:32] "GET /kube/querypods/ HTTP/1.1" 200 18335
[01/Jun/2018 01:30:32] "GET /static/mainbody.css HTTP/1.1" 404 1653
[01/Jun/2018 01:30:32] "GET /static/mainbody.js HTTP/1.1" 404 1650
[01/Jun/2018 01:30:32] "GET /static/kubeapp/query.js HTTP/1.1" 200 651
[01/Jun/2018 01:30:33] "GET /static/mainbody.js HTTP/1.1" 404 1650
[01/Jun/2018 01:30:34] "POST /kube/querypods/ HTTP/1.1" 200 4814
[01/Jun/2018 01:32:53] "GET /kube/querypods/ HTTP/1.1" 200 18335
[01/Jun/2018 01:32:53] "GET /static/mainbody.css HTTP/1.1" 404 1653
[01/Jun/2018 01:32:53] "GET /static/mainbody.js HTTP/1.1" 404 1650
[01/Jun/2018 01:32:53] "GET /static/kubeapp/query.js HTTP/1.1" 200 646
[01/Jun/2018 01:32:54] "GET /static/mainbody.js HTTP/1.1" 404 1650
[01/Jun/2018 01:32:54] "POST /kube/querypods/ HTTP/1.1" 200 4814
Performing system checks...

System check identified no issues (0 silenced).
May 31, 2018 - 10:13:17
Django version 1.11.13, using settings 'yproject.settings'
Starting development server at http://0:8080/
Quit the server with CONTROL-C.
[01/Jun/2018 01:35:23] "GET /kube/querypods/ HTTP/1.1" 200 18335
[01/Jun/2018 01:35:23] "GET /static/mainbody.css HTTP/1.1" 404 1653
[01/Jun/2018 01:35:23] "GET /static/mainbody.js HTTP/1.1" 404 1650
[01/Jun/2018 01:35:23] "GET /static/kubeapp/query.js HTTP/1.1" 200 646
[01/Jun/2018 01:35:24] "GET /static/mainbody.js HTTP/1.1" 404 1650
[01/Jun/2018 01:35:25] "POST /kube/querypods/ HTTP/1.1" 200 4709
[01/Jun/2018 01:37:35] "GET /kube/querypods/ HTTP/1.1" 200 18335
[01/Jun/2018 01:37:35] "GET /static/mainbody.css HTTP/1.1" 404 1653
[01/Jun/2018 01:37:35] "GET /static/mainbody.js HTTP/1.1" 404 1650
[01/Jun/2018 01:37:35] "GET /static/kubeapp/query.js HTTP/1.1" 200 662
[01/Jun/2018 01:37:36] "GET /static/mainbody.js HTTP/1.1" 404 1650
[01/Jun/2018 01:37:36] "POST /kube/querypods/ HTTP/1.1" 200 4709
[01/Jun/2018 01:37:59] "GET /kube/querypods/ HTTP/1.1" 200 18335
[01/Jun/2018 01:37:59] "GET /static/mainbody.css HTTP/1.1" 404 1653
[01/Jun/2018 01:37:59] "GET /static/mainbody.js HTTP/1.1" 404 1650
[01/Jun/2018 01:37:59] "GET /static/kubeapp/query.js HTTP/1.1" 200 667
[01/Jun/2018 01:38:00] "GET /static/mainbody.js HTTP/1.1" 404 1650
[01/Jun/2018 01:38:01] "POST /kube/querypods/ HTTP/1.1" 200 4709
[01/Jun/2018 01:43:20] "GET /kube/querypods/ HTTP/1.1" 200 18336
[01/Jun/2018 01:43:20] "GET /static/mainbody.css HTTP/1.1" 404 1653
[01/Jun/2018 01:43:20] "GET /static/mainbody.js HTTP/1.1" 404 1650
[01/Jun/2018 01:43:20] "GET /static/kubeapp/query.js HTTP/1.1" 304 0
[01/Jun/2018 01:43:21] "POST /kube/querypods/ HTTP/1.1" 200 4709
[01/Jun/2018 01:46:57] "GET /kube/querypods/ HTTP/1.1" 200 18336
[01/Jun/2018 01:46:57] "GET /static/mainbody.css HTTP/1.1" 404 1653
[01/Jun/2018 01:46:57] "GET /static/kubeapp/query.js HTTP/1.1" 304 0
[01/Jun/2018 01:46:57] "GET /static/mainbody.js HTTP/1.1" 404 1650
[01/Jun/2018 01:46:57] "POST /kube/querypods/ HTTP/1.1" 200 4709
[01/Jun/2018 02:32:55] "GET /kube/querypods/ HTTP/1.1" 200 18336
[01/Jun/2018 02:32:55] "GET /static/mainbody.css HTTP/1.1" 404 1653
[01/Jun/2018 02:32:55] "GET /static/mainbody.js HTTP/1.1" 404 1650
[01/Jun/2018 02:32:55] "GET /static/kubeapp/query.js HTTP/1.1" 304 0
[01/Jun/2018 02:32:56] "GET /static/mainbody.js HTTP/1.1" 404 1650
[01/Jun/2018 02:32:56] "POST /kube/querypods/ HTTP/1.1" 200 4709
[01/Jun/2018 02:36:25] "GET /static/mainbody.css HTTP/1.1" 404 1653
[01/Jun/2018 02:36:34] "GET /kube/querypods/ HTTP/1.1" 200 18336
[01/Jun/2018 02:36:34] "GET /static/mainbody.css HTTP/1.1" 404 1653
[01/Jun/2018 02:36:34] "GET /static/mainbody.js HTTP/1.1" 404 1650
[01/Jun/2018 02:36:34] "GET /static/kubeapp/query.js HTTP/1.1" 200 667
[01/Jun/2018 02:36:35] "GET /static/mainbody.js HTTP/1.1" 404 1650
[01/Jun/2018 02:36:35] "POST /kube/querypods/ HTTP/1.1" 200 4709
[01/Jun/2018 02:39:45] "GET /kube/querypods/ HTTP/1.1" 200 10213
[01/Jun/2018 02:39:45] "GET /static/mainbody.js HTTP/1.1" 404 1650
[01/Jun/2018 02:39:45] "GET /static/mainbody.css HTTP/1.1" 404 1653
[01/Jun/2018 02:39:45] "GET /static/kubeapp/query.js HTTP/1.1" 200 667
[01/Jun/2018 02:39:46] "GET /static/mainbody.js HTTP/1.1" 404 1650
[01/Jun/2018 02:39:47] "POST /kube/querypods/ HTTP/1.1" 200 4709
Not Found: /favicon.ico
[01/Jun/2018 02:39:47] "GET /favicon.ico HTTP/1.1" 404 2176
[01/Jun/2018 02:39:50] "GET /kube/querypods/ HTTP/1.1" 200 10213
[01/Jun/2018 02:39:50] "GET /static/mainbody.css HTTP/1.1" 404 1653
[01/Jun/2018 02:39:50] "GET /static/mainbody.js HTTP/1.1" 404 1650
[01/Jun/2018 02:39:50] "GET /static/kubeapp/query.js HTTP/1.1" 200 667
[01/Jun/2018 02:39:50] "GET /static/mainbody.js HTTP/1.1" 404 1650
Not Found: /favicon.ico
[01/Jun/2018 02:39:50] "GET /favicon.ico HTTP/1.1" 404 2176
[01/Jun/2018 02:39:50] "POST /kube/querypods/ HTTP/1.1" 200 4709
[01/Jun/2018 02:40:18] "GET /kube/querypods/ HTTP/1.1" 200 10213
[01/Jun/2018 02:40:19] "GET /static/mainbody.css HTTP/1.1" 404 1653
[01/Jun/2018 02:40:19] "GET /static/mainbody.js HTTP/1.1" 404 1650
[01/Jun/2018 02:40:19] "GET /static/kubeapp/query.js HTTP/1.1" 200 667
[01/Jun/2018 02:40:19] "GET /static/mainbody.js HTTP/1.1" 404 1650
[01/Jun/2018 02:40:20] "POST /kube/querypods/ HTTP/1.1" 200 4709
Not Found: /favicon.ico
[01/Jun/2018 02:40:20] "GET /favicon.ico HTTP/1.1" 404 2176
[01/Jun/2018 02:42:35] "GET /kube/querypods/ HTTP/1.1" 200 10165
[01/Jun/2018 02:42:35] "GET /static/mainbody.css HTTP/1.1" 404 1653
[01/Jun/2018 02:42:35] "GET /static/kubeapp/query.js HTTP/1.1" 200 667
Not Found: /favicon.ico
[01/Jun/2018 02:42:37] "GET /favicon.ico HTTP/1.1" 404 2176
[01/Jun/2018 02:42:37] "POST /kube/querypods/ HTTP/1.1" 200 4709
[01/Jun/2018 02:43:18] "GET /kube/querypods/ HTTP/1.1" 200 10104
[01/Jun/2018 02:43:19] "GET /static/kubeapp/query.js HTTP/1.1" 200 667
[01/Jun/2018 02:43:20] "POST /kube/querypods/ HTTP/1.1" 200 4709
Not Found: /favicon.ico
[01/Jun/2018 02:43:20] "GET /favicon.ico HTTP/1.1" 404 2176
[01/Jun/2018 02:59:23] "GET /kube/querypods/ HTTP/1.1" 200 10134
[01/Jun/2018 02:59:24] "GET /static/kubeapp/query.js HTTP/1.1" 200 770
[01/Jun/2018 02:59:25] "POST /kube/querypods/ HTTP/1.1" 200 4709
Not Found: /favicon.ico
[01/Jun/2018 02:59:25] "GET /favicon.ico HTTP/1.1" 404 2176
[01/Jun/2018 03:01:26] "GET /kube/querypods/ HTTP/1.1" 200 10134
[01/Jun/2018 03:01:26] "GET /static/kubeapp/query.js HTTP/1.1" 200 768
Not Found: /favicon.ico
[01/Jun/2018 03:01:27] "GET /favicon.ico HTTP/1.1" 404 2176
[01/Jun/2018 03:01:27] "POST /kube/querypods/ HTTP/1.1" 200 4709
[01/Jun/2018 03:02:12] "GET /kube/querypods/ HTTP/1.1" 200 10254
[01/Jun/2018 03:02:12] "GET /static/kubeapp/query.js HTTP/1.1" 200 768
Not Found: /favicon.ico
[01/Jun/2018 03:02:13] "GET /favicon.ico HTTP/1.1" 404 2176
[01/Jun/2018 03:02:13] "POST /kube/querypods/ HTTP/1.1" 200 4709
Performing system checks...

System check identified no issues (0 silenced).
June 01, 2018 - 01:35:21
Django version 1.11.13, using settings 'yproject.settings'
Starting development server at http://0:8080/
Quit the server with CONTROL-C.
[01/Jun/2018 03:08:37] "GET /kube/querypods/ HTTP/1.1" 200 10254
[01/Jun/2018 03:08:37] "GET /static/kubeapp/query.js HTTP/1.1" 200 768
Not Found: /favicon.ico
[01/Jun/2018 03:08:38] "GET /favicon.ico HTTP/1.1" 404 2176
[01/Jun/2018 03:08:39] "POST /kube/querypods/ HTTP/1.1" 200 4709
[01/Jun/2018 03:08:46] "GET /kube/querypods/ HTTP/1.1" 200 10254
[01/Jun/2018 03:08:46] "GET /static/kubeapp/query.js HTTP/1.1" 200 768
[01/Jun/2018 03:08:47] "POST /kube/querypods/ HTTP/1.1" 200 4709
[01/Jun/2018 03:16:13] "GET /kube/querypods/ HTTP/1.1" 200 10254
[01/Jun/2018 03:16:13] "GET /static/kubeapp/query.js HTTP/1.1" 200 768
Not Found: /favicon.ico
[01/Jun/2018 03:16:14] "GET /favicon.ico HTTP/1.1" 404 2176
[01/Jun/2018 03:16:14] "POST /kube/querypods/ HTTP/1.1" 200 4709
[01/Jun/2018 03:16:17] "GET /kube/querypods/ HTTP/1.1" 200 10254
[01/Jun/2018 03:16:17] "GET /static/kubeapp/query.js HTTP/1.1" 200 768
Not Found: /favicon.ico
[01/Jun/2018 03:16:18] "GET /favicon.ico HTTP/1.1" 404 2176
[01/Jun/2018 03:16:18] "POST /kube/querypods/ HTTP/1.1" 200 4709
[01/Jun/2018 03:16:20] "GET /kube/querypods/ HTTP/1.1" 200 10254
[01/Jun/2018 03:16:20] "GET /static/kubeapp/query.js HTTP/1.1" 200 768
Not Found: /favicon.ico
[01/Jun/2018 03:16:21] "GET /favicon.ico HTTP/1.1" 404 2176
[01/Jun/2018 03:16:21] "POST /kube/querypods/ HTTP/1.1" 200 4709
[01/Jun/2018 03:16:23] "GET /kube/querypods/ HTTP/1.1" 200 10254
[01/Jun/2018 03:16:23] "GET /static/kubeapp/query.js HTTP/1.1" 200 768
Not Found: /favicon.ico
[01/Jun/2018 03:16:24] "GET /favicon.ico HTTP/1.1" 404 2176
[01/Jun/2018 03:16:24] "POST /kube/querypods/ HTTP/1.1" 200 4709
[01/Jun/2018 03:16:27] "GET /kube/querypods/ HTTP/1.1" 200 10254
[01/Jun/2018 03:16:27] "GET /static/kubeapp/query.js HTTP/1.1" 200 768
Not Found: /favicon.ico
[01/Jun/2018 03:16:28] "GET /favicon.ico HTTP/1.1" 404 2176
[01/Jun/2018 03:16:28] "POST /kube/querypods/ HTTP/1.1" 200 4709
[01/Jun/2018 03:16:30] "GET /kube/querypods/ HTTP/1.1" 200 10254
[01/Jun/2018 03:16:30] "GET /static/kubeapp/query.js HTTP/1.1" 200 768
Not Found: /favicon.ico
[01/Jun/2018 03:16:31] "GET /favicon.ico HTTP/1.1" 404 2176
[01/Jun/2018 03:16:31] "POST /kube/querypods/ HTTP/1.1" 200 4709
[01/Jun/2018 03:18:20] "GET /kube/querypods/ HTTP/1.1" 200 10254
[01/Jun/2018 03:18:20] "GET /static/kubeapp/query.js HTTP/1.1" 200 785
Not Found: /favicon.ico
[01/Jun/2018 03:18:21] "GET /favicon.ico HTTP/1.1" 404 2176
[01/Jun/2018 03:18:21] "POST /kube/querypods/ HTTP/1.1" 200 4709
[01/Jun/2018 03:18:23] "GET /kube/querypods/ HTTP/1.1" 200 10254
[01/Jun/2018 03:18:23] "GET /static/kubeapp/query.js HTTP/1.1" 200 785
[01/Jun/2018 03:18:24] "POST /kube/querypods/ HTTP/1.1" 200 4709
Not Found: /favicon.ico
[01/Jun/2018 03:18:24] "GET /favicon.ico HTTP/1.1" 404 2176
Performing system checks...

System check identified no issues (0 silenced).
June 01, 2018 - 03:08:36
Django version 1.11.13, using settings 'yproject.settings'
Starting development server at http://0:8080/
Quit the server with CONTROL-C.
[01/Jun/2018 05:21:34] "GET /kube/querypods/ HTTP/1.1" 200 10254
[01/Jun/2018 05:21:34] "GET /static/kubeapp/query.js HTTP/1.1" 200 749
[01/Jun/2018 05:21:35] "POST /kube/querypods/ HTTP/1.1" 200 4709
[01/Jun/2018 05:21:37] "GET /kube/querypods/ HTTP/1.1" 200 10254
[01/Jun/2018 05:21:37] "POST /kube/querypods/ HTTP/1.1" 200 4709
[01/Jun/2018 05:21:39] "GET /kube/querypods/ HTTP/1.1" 200 10254
[01/Jun/2018 05:21:40] "POST /kube/querypods/ HTTP/1.1" 200 4709
[01/Jun/2018 05:21:42] "GET /kube/querypods/ HTTP/1.1" 200 10254
[01/Jun/2018 05:21:43] "POST /kube/querypods/ HTTP/1.1" 200 4709
[01/Jun/2018 05:21:45] "GET /kube/querypods/ HTTP/1.1" 200 10254
[01/Jun/2018 05:21:46] "POST /kube/querypods/ HTTP/1.1" 200 4709
[01/Jun/2018 05:29:47] "GET /kube/querypods/ HTTP/1.1" 200 10254
[01/Jun/2018 05:29:47] "POST /kube/querypods/ HTTP/1.1" 200 4709
[01/Jun/2018 05:29:50] "GET /kube/querypods/ HTTP/1.1" 200 10254
[01/Jun/2018 05:29:50] "POST /kube/querypods/ HTTP/1.1" 200 4709
[01/Jun/2018 05:29:52] "GET /kube/querypods/ HTTP/1.1" 200 10254
[01/Jun/2018 05:29:53] "POST /kube/querypods/ HTTP/1.1" 200 4709
[01/Jun/2018 05:29:55] "GET /kube/querypods/ HTTP/1.1" 200 10254
[01/Jun/2018 05:29:55] "POST /kube/querypods/ HTTP/1.1" 200 4709
[01/Jun/2018 05:48:43] "GET /kube/querypods/ HTTP/1.1" 200 10254
[01/Jun/2018 05:48:44] "GET /static/kubeapp/query.js HTTP/1.1" 200 749
Not Found: /favicon.ico
[01/Jun/2018 05:48:45] "GET /favicon.ico HTTP/1.1" 404 2176
[01/Jun/2018 05:48:45] "POST /kube/querypods/ HTTP/1.1" 200 4709
[01/Jun/2018 07:10:38] "GET /kube/querypods/ HTTP/1.1" 200 10254
[01/Jun/2018 07:10:39] "GET /static/kubeapp/query.js HTTP/1.1" 200 749
Not Found: /favicon.ico
[01/Jun/2018 07:10:40] "GET /favicon.ico HTTP/1.1" 404 2176
[01/Jun/2018 07:10:40] "POST /kube/querypods/ HTTP/1.1" 200 4709
[05/Jun/2018 07:03:04] "GET / HTTP/1.1" 302 0
[05/Jun/2018 07:03:04] "GET /kube/index/ HTTP/1.1" 200 5010
Not Found: /favicon.ico
[05/Jun/2018 07:03:40] "GET /favicon.ico HTTP/1.1" 404 2176
[05/Jun/2018 07:03:49] "GET /kube/querypods/ HTTP/1.1" 200 10254
[05/Jun/2018 07:03:49] "GET /static/kubeapp/query.js HTTP/1.1" 304 0
[05/Jun/2018 07:03:50] "POST /kube/querypods/ HTTP/1.1" 200 4709
[05/Jun/2018 07:08:03] "GET /kube/querypods/ HTTP/1.1" 200 10254
[05/Jun/2018 07:08:03] "GET /static/kubeapp/query.js HTTP/1.1" 200 749
[05/Jun/2018 07:08:05] "POST /kube/querypods/ HTTP/1.1" 200 4709
Not Found: /favicon.ico
[05/Jun/2018 07:08:05] "GET /favicon.ico HTTP/1.1" 404 2176
Performing system checks...

System check identified no issues (0 silenced).
June 01, 2018 - 03:21:02
Django version 1.11.13, using settings 'yproject.settings'
Starting development server at http://0:8080/
Quit the server with CONTROL-C.
[05/Jun/2018 07:14:03] "GET /kube/querypods/ HTTP/1.1" 200 10254
Internal Server Error: /kube/querypods/
Traceback (most recent call last):
  File "/usr/lib64/python2.7/site-packages/django/core/handlers/exception.py", line 41, in inner
    response = get_response(request)
  File "/usr/lib64/python2.7/site-packages/django/core/handlers/base.py", line 187, in _get_response
    response = self.process_exception_by_middleware(e, request)
  File "/usr/lib64/python2.7/site-packages/django/core/handlers/base.py", line 185, in _get_response
    response = wrapped_callback(request, *callback_args, **callback_kwargs)
  File "/usr/lib64/python2.7/site-packages/django/views/generic/base.py", line 68, in view
    return self.dispatch(request, *args, **kwargs)
  File "/usr/lib64/python2.7/site-packages/django/views/generic/base.py", line 88, in dispatch
    return handler(request, *args, **kwargs)
  File "/opt/oracle/yproject/kubeapp/views/query_pods.py", line 41, in post
    pods_list.append({'ip':i.status.pod_ip, 'host_ip':i.status.host_ip, 'phase': i.status.state.reason, 'namespace':i.metadata.namespace, 'name':i.metadata.name})
AttributeError: 'V1PodStatus' object has no attribute 'state'
[05/Jun/2018 07:14:06] "POST /kube/querypods/ HTTP/1.1" 500 81820
Performing system checks...

System check identified no issues (0 silenced).
June 05, 2018 - 07:14:00
Django version 1.11.13, using settings 'yproject.settings'
Starting development server at http://0:8080/
Quit the server with CONTROL-C.
[05/Jun/2018 07:25:44] "GET /kube/querypods/ HTTP/1.1" 200 10254
[05/Jun/2018 07:25:44] "POST /kube/querypods/ HTTP/1.1" 200 4709
